INFO:Slither:Compilation warnings/errors on /sb/OpenAddressLottery.sol:
/sb/OpenAddressLottery.sol:41:5: Warning: Defining constructors as functions with the same name as the contract is deprecated. Use "constructor(...) { ... }" instead.
    function OpenAddressLottery() {
    ^ (Relevant source part starts here and spans across multiple lines).
/sb/OpenAddressLottery.sol:91:9: Warning: Variable is declared as a storage pointer. Use an explicit "storage" keyword to silence this warning.
        SeedComponents s;
        ^--------------^
/sb/OpenAddressLottery.sol:58:20: Warning: Using contract member "balance" inherited from the address type is deprecated. Convert the contract to "address" type to access the member, for example use "address(contract).balance" instead.
            if(win>this.balance) //if the balance isnt sufficient...
                   ^----------^
/sb/OpenAddressLottery.sol:59:21: Warning: Using contract member "balance" inherited from the address type is deprecated. Convert the contract to "address" type to access the member, for example use "address(contract).balance" instead.
                win=this.balance; //...send everything we've got
                    ^----------^
/sb/OpenAddressLottery.sol:69:18: Warning: This function only accepts a single "bytes" argument. Please use "abi.encodePacked(...)" or a similar function to encode the data.
        n = uint(keccak256(uint(addr), secretSeed)[0]) % 8;
                 ^-------------------------------^
/sb/OpenAddressLottery.sol:73:30: Warning: This function only accepts a single "bytes" argument. Please use "abi.encodePacked(...)" or a similar function to encode the data.
        secretSeed = uint256(keccak256(
                             ^ (Relevant source part starts here and spans across multiple lines).
/sb/OpenAddressLottery.sol:91:9: Warning: Uninitialized storage pointer. Did you mean '<type> memory s'?
        SeedComponents s;
        ^--------------^
/sb/OpenAddressLottery.sol:41:5: Warning: No visibility specified. Defaulting to "public". 
    function OpenAddressLottery() {
    ^ (Relevant source part starts here and spans across multiple lines).
/sb/OpenAddressLottery.sol:46:5: Warning: No visibility specified. Defaulting to "public". 
    function participate() payable {
    ^ (Relevant source part starts here and spans across multiple lines).
/sb/OpenAddressLottery.sol:67:5: Warning: No visibility specified. Defaulting to "public". 
    function luckyNumberOfAddress(address addr) constant returns(uint n){
    ^ (Relevant source part starts here and spans across multiple lines).
/sb/OpenAddressLottery.sol:82:5: Warning: No visibility specified. Defaulting to "public". 
    function kill() {
    ^ (Relevant source part starts here and spans across multiple lines).
/sb/OpenAddressLottery.sol:88:5: Warning: No visibility specified. Defaulting to "public". 
    function forceReseed() { //reseed initiated by the owner - for testing purposes
    ^ (Relevant source part starts here and spans across multiple lines).
/sb/OpenAddressLottery.sol:93:32: Warning: "block.blockhash()" has been deprecated in favor of "blockhash()"
        s.component2 = uint256(block.blockhash(block.number - 1));
                               ^-------------^
/sb/OpenAddressLottery.sol:100:5: Warning: No visibility specified. Defaulting to "public". 
    function () payable { //if someone sends money without any function call, just assume he wanted to participate
    ^ (Relevant source part starts here and spans across multiple lines).

INFO:Detectors:[91m
s in OpenAddressLottery.forceReseed (/sb/OpenAddressLottery.sol#93) is a storage variable never initialiazed
Reference: https://github.com/trailofbits/slither/wiki/Detectors-Documentation#uninitialized-storage-variables[0m
INFO:Detectors:[92m
OpenAddressLottery.LuckyNumber should be constant (/sb/OpenAddressLottery.sol#37)
Reference: https://github.com/trailofbits/slither/wiki/Detectors-Documentation#state-variables-that-could-be-declared-constant[0m
INFO:Detectors:[92m
Deprecated standard detected @ /sb/OpenAddressLottery.sol#94-95:
	- Usage of "block.blockhash()" should be replaced with "blockhash()"
Reference: https://github.com/trailofbits/slither/wiki/Detectors-Documentation#deprecated-standards[0m
INFO:Detectors:[92m
OpenAddressLottery.kill (/sb/OpenAddressLottery.sol#85-88) should be declared external
OpenAddressLottery.forceReseed (/sb/OpenAddressLottery.sol#89-100) should be declared external
OpenAddressLottery.fallback (/sb/OpenAddressLottery.sol#100-105) should be declared external
Reference: https://github.com/trailofbits/slither/wiki/Detectors-Documentation#public-function-that-could-be-declared-as-external[0m
INFO:Detectors:[92m
Detected issues with version pragma in /sb/OpenAddressLottery.sol:
	- pragma solidity^0.4.19 (/sb/OpenAddressLottery.sol#6-8): it allows old versions
Reference: https://github.com/trailofbits/slither/wiki/Detectors-Documentation#incorrect-version-of-solidity[0m
INFO:Detectors:[92m
Function 'OpenAddressLottery.OpenAddressLottery' (/sb/OpenAddressLottery.sol#42-47) is not in mixedCase
Variable 'OpenAddressLottery.LuckyNumber' (/sb/OpenAddressLottery.sol#37) is not in mixedCase
Reference: https://github.com/trailofbits/slither/wiki/Detectors-Documentation#conformance-to-solidity-naming-conventions[0m
INFO:Slither:/sb/OpenAddressLottery.sol analyzed (1 contracts), 9 result(s) found
