METRICS: Using configs from the Registry (like --config=p/ci) reports pseudonymous rule metrics to semgrep.dev.
To disable Registry rule metrics, use "--metrics=off".
Using configs only from local files (like --config=xyz.yml) does not enable metrics.

More information: https://semgrep.dev/docs/metrics

               
               
┌─────────────┐
│ Scan Status │
└─────────────┘
  Scanning 1 file tracked by git with 48 Code rules:
  Scanning 1 file with 48 solidity rules.
                  
                  
┌────────────────┐
│ 1 Code Finding │
└────────────────┘
                               
    /sb/OpenAddressLottery.sol 
       solidity.performance.use-nested-if                                       
          Using nested is cheaper than using && multiple check combinations.    
  There are more                                                                
          advantages, such as easier to read code and better coverage reports.  
                                                                                
          101┆ if(msg.value>=0.1 ether && msg.sender!=owner) //owner can't      
  participate, he can only fund the jackpot                                     
          102┆     participate();

                
                
┌──────────────┐
│ Scan Summary │
└──────────────┘

Ran 48 rules on 1 file: 1 finding.

A new version of Semgrep is available. See https://semgrep.dev/docs/upgrading

Versions prior to 1.43.0 will cease to work with Semgrep.dev after March 11th 2024, please upgrade.
