INFO:Slither:Compilation warnings/errors on /sb/BecToken.sol:
/sb/BecToken.sol:171:3: Warning: Defining constructors as functions with the same name as the contract is deprecated. Use "constructor(...) { ... }" instead.
  function Ownable() {
  ^ (Relevant source part starts here and spans across multiple lines).
/sb/BecToken.sol:297:5: Warning: Defining constructors as functions with the same name as the contract is deprecated. Use "constructor(...) { ... }" instead.
    function BecToken() {
    ^ (Relevant source part starts here and spans across multiple lines).
/sb/BecToken.sol:72:5: Warning: Invoking events without "emit" prefix is deprecated.
    Transfer(msg.sender, _to, _value);
    ^-------------------------------^
/sb/BecToken.sol:124:5: Warning: Invoking events without "emit" prefix is deprecated.
    Transfer(_from, _to, _value);
    ^--------------------------^
/sb/BecToken.sol:140:5: Warning: Invoking events without "emit" prefix is deprecated.
    Approval(msg.sender, _spender, _value);
    ^------------------------------------^
/sb/BecToken.sol:191:5: Warning: Invoking events without "emit" prefix is deprecated.
    OwnershipTransferred(owner, newOwner);
    ^-----------------------------------^
/sb/BecToken.sol:229:5: Warning: Invoking events without "emit" prefix is deprecated.
    Pause();
    ^-----^
/sb/BecToken.sol:237:5: Warning: Invoking events without "emit" prefix is deprecated.
    Unpause();
    ^-------^
/sb/BecToken.sol:271:9: Warning: Invoking events without "emit" prefix is deprecated.
        Transfer(msg.sender, _receivers[i], _value);
        ^-----------------------------------------^
/sb/BecToken.sol:171:3: Warning: No visibility specified. Defaulting to "public". 
  function Ownable() {
  ^ (Relevant source part starts here and spans across multiple lines).
/sb/BecToken.sol:297:5: Warning: No visibility specified. Defaulting to "public". 
    function BecToken() {
    ^ (Relevant source part starts here and spans across multiple lines).
/sb/BecToken.sol:302:5: Warning: No visibility specified. Defaulting to "public". 
    function () {
    ^ (Relevant source part starts here and spans across multiple lines).
/sb/BecToken.sol:14:3: Warning: Function state mutability can be restricted to pure
  function mul(uint256 a, uint256 b) internal constant returns (uint256) {
  ^ (Relevant source part starts here and spans across multiple lines).
/sb/BecToken.sol:20:3: Warning: Function state mutability can be restricted to pure
  function div(uint256 a, uint256 b) internal constant returns (uint256) {
  ^ (Relevant source part starts here and spans across multiple lines).
/sb/BecToken.sol:27:3: Warning: Function state mutability can be restricted to pure
  function sub(uint256 a, uint256 b) internal constant returns (uint256) {
  ^ (Relevant source part starts here and spans across multiple lines).
/sb/BecToken.sol:32:3: Warning: Function state mutability can be restricted to pure
  function add(uint256 a, uint256 b) internal constant returns (uint256) {
  ^ (Relevant source part starts here and spans across multiple lines).

INFO:Detectors:[92m
BecToken.decimals should be constant (/sb/BecToken.sol#299-302)
BecToken.name should be constant (/sb/BecToken.sol#298)
BecToken.symbol should be constant (/sb/BecToken.sol#299)
BecToken.version should be constant (/sb/BecToken.sol#299)
Reference: https://github.com/trailofbits/slither/wiki/Detectors-Documentation#state-variables-that-could-be-declared-constant[0m
INFO:Detectors:[92m
BasicToken.balanceOf (/sb/BecToken.sol#82-88) should be declared external
ERC20Basic.balanceOf (/sb/BecToken.sol#46-47) should be declared external
ERC20.allowance (/sb/BecToken.sol#92-93) should be declared external
StandardToken.allowance (/sb/BecToken.sol#156-158) should be declared external
Ownable.transferOwnership (/sb/BecToken.sol#198-205) should be declared external
Pausable.pause (/sb/BecToken.sol#236-244) should be declared external
Pausable.unpause (/sb/BecToken.sol#247-249) should be declared external
PausableToken.batchTransfer (/sb/BecToken.sol#266-285) should be declared external
BecToken.fallback (/sb/BecToken.sol) should be declared external
Reference: https://github.com/trailofbits/slither/wiki/Detectors-Documentation#public-function-that-could-be-declared-as-external[0m
INFO:Detectors:[92m
Detected issues with version pragma in /sb/BecToken.sol:
	- pragma solidity^0.4.16 (/sb/BecToken.sol#7-10): it allows old versions
Reference: https://github.com/trailofbits/slither/wiki/Detectors-Documentation#incorrect-version-of-solidity[0m
INFO:Detectors:[92m
Parameter '_owner' of BasicToken.balanceOf (/sb/BecToken.sol#82-84) is not in mixedCase
Parameter '_to' of BasicToken.transfer (/sb/BecToken.sol#66) is not in mixedCase
Parameter '_value' of BasicToken.transfer (/sb/BecToken.sol#66-67) is not in mixedCase
Parameter '_owner' of StandardToken.allowance (/sb/BecToken.sol#157) is not in mixedCase
Parameter '_spender' of StandardToken.allowance (/sb/BecToken.sol#157) is not in mixedCase
Parameter '_from' of StandardToken.transferFrom (/sb/BecToken.sol#118) is not in mixedCase
Parameter '_to' of StandardToken.transferFrom (/sb/BecToken.sol#118) is not in mixedCase
Parameter '_value' of StandardToken.transferFrom (/sb/BecToken.sol#118-119) is not in mixedCase
Parameter '_spender' of StandardToken.approve (/sb/BecToken.sol#140-141) is not in mixedCase
Parameter '_value' of StandardToken.approve (/sb/BecToken.sol#141-144) is not in mixedCase
Function 'Ownable.Ownable' (/sb/BecToken.sol#180-186) is not in mixedCase
Parameter '_to' of PausableToken.transfer (/sb/BecToken.sol#254) is not in mixedCase
Parameter '_value' of PausableToken.transfer (/sb/BecToken.sol#254-257) is not in mixedCase
Parameter '_from' of PausableToken.transferFrom (/sb/BecToken.sol#258) is not in mixedCase
Parameter '_to' of PausableToken.transferFrom (/sb/BecToken.sol#258-261) is not in mixedCase
Parameter '_value' of PausableToken.transferFrom (/sb/BecToken.sol#261) is not in mixedCase
Parameter '_spender' of PausableToken.approve (/sb/BecToken.sol#263) is not in mixedCase
Parameter '_value' of PausableToken.approve (/sb/BecToken.sol#263) is not in mixedCase
Parameter '_receivers' of PausableToken.batchTransfer (/sb/BecToken.sol#266) is not in mixedCase
Parameter '_value' of PausableToken.batchTransfer (/sb/BecToken.sol#268) is not in mixedCase
Function 'BecToken.BecToken' (/sb/BecToken.sol) is not in mixedCase
Reference: https://github.com/trailofbits/slither/wiki/Detectors-Documentation#conformance-to-solidity-naming-conventions[0m
INFO:Slither:/sb/BecToken.sol analyzed (9 contracts), 32 result(s) found
